0 info it worked if it ends with ok
1 verbose cli [ '/Users/matt.young/.nvm/versions/node/v7.2.1/bin/node',
1 verbose cli   '/Users/matt.young/.nvm/versions/node/v7.2.1/bin/npm',
1 verbose cli   'publish' ]
2 info using npm@3.10.10
3 info using node@v7.2.1
4 verbose publish [ '.' ]
5 silly cache add args [ '.', null ]
6 verbose cache add spec .
7 silly cache add parsed spec Result {
7 silly cache add   raw: '.',
7 silly cache add   scope: null,
7 silly cache add   escapedName: null,
7 silly cache add   name: null,
7 silly cache add   rawSpec: '.',
7 silly cache add   spec: '/Users/matt.young/Development/SINET/skunk/debug-timer',
7 silly cache add   type: 'directory' }
8 verbose addLocalDirectory /Users/matt.young/.npm/timer-lite/1.0.0/package.tgz not in flight; packing
9 verbose correctMkdir /Users/matt.young/.npm correctMkdir not in flight; initializing
10 info lifecycle timer-lite@1.0.0~prepublish: timer-lite@1.0.0
11 silly lifecycle timer-lite@1.0.0~prepublish: no script for prepublish, continuing
12 verbose tar pack [ '/Users/matt.young/.npm/timer-lite/1.0.0/package.tgz',
12 verbose tar pack   '/Users/matt.young/Development/SINET/skunk/debug-timer' ]
13 verbose tarball /Users/matt.young/.npm/timer-lite/1.0.0/package.tgz
14 verbose folder /Users/matt.young/Development/SINET/skunk/debug-timer
15 verbose addLocalTarball adding from inside cache /Users/matt.young/.npm/timer-lite/1.0.0/package.tgz
16 verbose correctMkdir /Users/matt.young/.npm correctMkdir not in flight; initializing
17 silly cache afterAdd timer-lite@1.0.0
18 verbose afterAdd /Users/matt.young/.npm/timer-lite/1.0.0/package/package.json not in flight; writing
19 verbose correctMkdir /Users/matt.young/.npm correctMkdir not in flight; initializing
20 verbose afterAdd /Users/matt.young/.npm/timer-lite/1.0.0/package/package.json written
21 silly publish { name: 'timer-lite',
21 silly publish   version: '1.0.0',
21 silly publish   description: '> A Timer class to help with debugging long functions',
21 silly publish   main: 'index.js',
21 silly publish   scripts: { test: 'gulp test', gulp: 'gulp' },
21 silly publish   author: { name: 'Matthew Young', url: 'mashu.daishi@gmail.com' },
21 silly publish   license: 'MIT',
21 silly publish   devDependencies: { gulp: '3.9.1', 'gulp-mocha': '3.0.1', should: '11.1.2' },
21 silly publish   readme: '> A Timer class to help with debugging long functions\n\n## Usage\n\n```js\nconst TimerLite = require( \'timer-lite\' );\n\nlet debugTimer = new TimerLite();\n\ndebugTimer.startTime = //epoch time\n\ndebugTimer.events;\n//=> []\n\ndebugTimer.addEvent( \'title\' );\ndebugTimer.addEvent( \'another title\', { \'whatever\' : \'you would like\' } );\ndebugTimer.events;\n//=> [ { \'title\' : \'title\' }, { \'title\' : \'another title\', \'optionalData\' : { \'whatever\' : \'you would like\' } } ]\n```\n\n## License\n\nMIT © [Matthew Young]( mashu.daishi@gmail.com )\n',
21 silly publish   readmeFilename: 'README.md',
21 silly publish   gitHead: 'e51c955ec7ab3eabfb48b02dce66e967fbbb1d0d',
21 silly publish   _id: 'timer-lite@1.0.0',
21 silly publish   _shasum: 'c3e75144ff65ced476b59edec6e598d2177e39e2',
21 silly publish   _from: '.' }
22 verbose getPublishConfig undefined
23 silly mapToRegistry name timer-lite
24 silly mapToRegistry using default registry
25 silly mapToRegistry registry https://registry.npmjs.org/
26 silly mapToRegistry data Result {
26 silly mapToRegistry   raw: 'timer-lite',
26 silly mapToRegistry   scope: null,
26 silly mapToRegistry   escapedName: 'timer-lite',
26 silly mapToRegistry   name: 'timer-lite',
26 silly mapToRegistry   rawSpec: '',
26 silly mapToRegistry   spec: 'latest',
26 silly mapToRegistry   type: 'tag' }
27 silly mapToRegistry uri https://registry.npmjs.org/timer-lite
28 verbose publish registryBase https://registry.npmjs.org/
29 silly publish uploading /Users/matt.young/.npm/timer-lite/1.0.0/package.tgz
30 verbose request uri https://registry.npmjs.org/timer-lite
31 verbose request sending authorization for write operation
32 info attempt registry request try #1 at 3:01:07 PM
33 verbose request using bearer token for auth
34 verbose request id 5f1e82c321126b2e
35 http request PUT https://registry.npmjs.org/timer-lite
36 http 403 https://registry.npmjs.org/timer-lite
37 verbose headers { 'content-type': 'application/json',
37 verbose headers   'cache-control': 'max-age=300',
37 verbose headers   'content-length': '95',
37 verbose headers   'accept-ranges': 'bytes',
37 verbose headers   date: 'Thu, 19 Jan 2017 22:01:08 GMT',
37 verbose headers   via: '1.1 varnish',
37 verbose headers   connection: 'keep-alive',
37 verbose headers   'x-served-by': 'cache-sjc3144-SJC',
37 verbose headers   'x-cache': 'MISS',
37 verbose headers   'x-cache-hits': '0',
37 verbose headers   'x-timer': 'S1484863268.100691,VS0,VE170',
37 verbose headers   vary: 'Accept-Encoding' }
38 verbose request invalidating /Users/matt.young/.npm/registry.npmjs.org/timer-lite on PUT
39 error publish Failed PUT 403
40 verbose stack Error: "You cannot publish over the previously published version 1.0.0." : timer-lite
40 verbose stack     at makeError (/Users/matt.young/.nvm/versions/node/v7.2.1/lib/node_modules/npm/node_modules/npm-registry-client/lib/request.js:302:12)
40 verbose stack     at CachingRegistryClient.<anonymous> (/Users/matt.young/.nvm/versions/node/v7.2.1/lib/node_modules/npm/node_modules/npm-registry-client/lib/request.js:290:14)
40 verbose stack     at Request._callback (/Users/matt.young/.nvm/versions/node/v7.2.1/lib/node_modules/npm/node_modules/npm-registry-client/lib/request.js:210:14)
40 verbose stack     at Request.self.callback (/Users/matt.young/.nvm/versions/node/v7.2.1/lib/node_modules/npm/node_modules/request/request.js:187:22)
40 verbose stack     at emitTwo (events.js:106:13)
40 verbose stack     at Request.emit (events.js:191:7)
40 verbose stack     at Request.<anonymous> (/Users/matt.young/.nvm/versions/node/v7.2.1/lib/node_modules/npm/node_modules/request/request.js:1048:10)
40 verbose stack     at emitOne (events.js:96:13)
40 verbose stack     at Request.emit (events.js:188:7)
40 verbose stack     at IncomingMessage.<anonymous> (/Users/matt.young/.nvm/versions/node/v7.2.1/lib/node_modules/npm/node_modules/request/request.js:969:12)
41 verbose statusCode 403
42 verbose pkgid timer-lite
43 verbose cwd /Users/matt.young/Development/SINET/skunk/debug-timer
44 error Darwin 14.5.0
45 error argv "/Users/matt.young/.nvm/versions/node/v7.2.1/bin/node" "/Users/matt.young/.nvm/versions/node/v7.2.1/bin/npm" "publish"
46 error node v7.2.1
47 error npm  v3.10.10
48 error code E403
49 error "You cannot publish over the previously published version 1.0.0." : timer-lite
50 error If you need help, you may report this error at:
50 error     <https://github.com/npm/npm/issues>
51 verbose exit [ 1, true ]
